<?xml version="1.0" encoding="UTF-8"?>
<testsuite xmlns:xsi="http://www.w3.org/2001/XMLSchema-instance" xsi:noNamespaceSchemaLocation="https://maven.apache.org/surefire/maven-surefire-plugin/xsd/surefire-test-report.xsd" name="com.boso.personapi.converter.PersonConverterTest" time="0.234" tests="2" errors="0" skipped="0" failures="0">
  <properties>
[...]
</properties>
  <testcase name="dtoToEntity" classname="com.boso.personapi.converter.PersonConverterTest" time="0.219"/>
  <testcase name="entityToDto" classname="com.boso.personapi.converter.PersonConverterTest" time="0.008"/>
</testsuite>